PObject
{
	LocName	"Ekur"
	Name	"RS 8409-2299-7-1363965-374 8.7"
	Parent	"RS 8409-2299-7-1363965-374 8"
	Pioneer	"Rodrigo"
	Date	"2015.00.23 00:00:00"
	Descr	"lol"
}

PObject
{
	LocName	"ASDAS"
	Name	"HIP 102230 7"
	Parent	"HIP 102230"
	Pioneer	"Player"
	Date	"2015.35.04 15:35:36"
	Descr	"The description is empty."
}

PObject
{
	LocName	"Nisaba"
	Name	"RS 8409-2299-7-136965-374 8.3"
	Parent	"RS 8409-2299-7-136965-374 8"
	Pioneer	"Rodrigo"
	Date	"2015.53.05 20:53:02"
	Descr	"{7D9FC518-6E03-4C52-B34A-EF0C7328F796}"
}

